2019-11-19 16:28:27,737-INFO-carplate_recognition_server.py:225 presenter server is starting...
2019-11-19 16:29:33,310-INFO-carplate_recognition_server.py:225 presenter server is starting...
2019-11-19 16:29:33,311-INFO-presenter_server.py:79 presenter server starting, type: carplate_recognition
2019-11-19 16:38:24,203-INFO-presenter_socket_server.py:255 create new connection:client-ip:192.168.1.2, client-port:41500, fd:10
2019-11-19 16:38:24,203-ERROR-presenter_socket_server.py:354 channel name video is not exist.
2019-11-19 16:38:24,203-INFO-channel_manager.py:216 register channel: video
2019-11-19 16:38:24,203-INFO-channel_handler.py:215 create videothread-video...
2019-11-19 16:38:24,203-INFO-channel_manager.py:127 create channel resource, channel_name:video, channel_fd:10, media_type:video
2019-11-19 16:43:09,149-ERROR-presenter_socket_server.py:142 socket 10 receive msg head null
2019-11-19 16:43:09,150-ERROR-presenter_socket_server.py:204 msg_total_len is None.
2019-11-19 16:43:09,150-INFO-carplate_recognition_server.py:60 clean fd:10, conns:{10: <socket.socket fd=10, family=AddressFamily.AF_INET, type=SocketKind.SOCK_STREAM, proto=0, laddr=('192.168.1.223', 7006), raddr=('192.168.1.2', 41500)>}
2019-11-19 16:43:09,150-INFO-channel_handler.py:124 videothread-video set _close_thread_switch True
2019-11-19 16:43:09,150-INFO-channel_manager.py:139 clean channel: video's resource
2019-11-19 16:43:09,155-INFO-channel_handler.py:226 Stop thread:videothread-video.
2020-01-09 22:32:24,038-INFO-carplate_recognition_server.py:225 presenter server is starting...
2020-01-09 22:32:48,729-INFO-carplate_recognition_server.py:225 presenter server is starting...
2020-01-09 22:32:48,730-INFO-presenter_server.py:79 presenter server starting, type: carplate_recognition
2020-01-09 22:41:27,166-INFO-presenter_socket_server.py:255 create new connection:client-ip:192.168.1.2, client-port:43752, fd:10
2020-01-09 22:41:27,167-ERROR-presenter_socket_server.py:354 channel name video is not exist.
2020-01-09 22:41:27,167-INFO-channel_manager.py:216 register channel: video
2020-01-09 22:41:27,168-INFO-channel_handler.py:215 create videothread-video...
2020-01-09 22:41:27,168-INFO-channel_manager.py:127 create channel resource, channel_name:video, channel_fd:10, media_type:video
2020-01-09 23:19:31,578-INFO-channel_handler.py:124 videothread-video set _close_thread_switch True
2020-01-09 23:19:31,579-INFO-channel_manager.py:139 clean channel: video's resource
2020-01-09 23:19:31,580-INFO-channel_handler.py:226 Stop thread:videothread-video.
